0 verbose cli [
0 verbose cli   '/home/joera/.nvm/versions/node/v15.14.0/bin/node',
0 verbose cli   '/home/joera/.nvm/versions/node/v15.14.0/bin/npm',
0 verbose cli   'rm',
0 verbose cli   '-rf',
0 verbose cli   '--cache',
0 verbose cli   '.'
0 verbose cli ]
1 info using npm@7.7.6
2 info using node@v15.14.0
3 timing npm:load:whichnode Completed in 1ms
4 timing config:load:defaults Completed in 2ms
5 timing config:load:file:/home/joera/.nvm/versions/node/v15.14.0/lib/node_modules/npm/npmrc Completed in 1ms
6 timing config:load:builtin Completed in 1ms
7 timing config:load:cli Completed in 3ms
8 timing config:load:env Completed in 0ms
9 timing config:load:file:/home/joera/Documents/transport-union/frontend/.npmrc Completed in 1ms
10 timing config:load:project Completed in 2ms
11 timing config:load:file:/home/joera/.npmrc Completed in 0ms
12 timing config:load:user Completed in 0ms
13 timing config:load:file:/home/joera/.nvm/versions/node/v15.14.0/etc/npmrc Completed in 1ms
14 timing config:load:global Completed in 1ms
15 timing config:load:validate Completed in 0ms
16 timing config:load:setEnvs Completed in 1ms
17 timing config:load Completed in 10ms
18 timing npm:load:configload Completed in 10ms
19 timing npm:load:setTitle Completed in 0ms
20 timing npm:load:setupLog Completed in 2ms
21 timing npm:load:cleanupLog Completed in 3ms
22 timing npm:load:configScope Completed in 0ms
23 timing npm:load:projectScope Completed in 0ms
24 timing npm:load Completed in 17ms
25 timing config:load:flatten Completed in 3ms
26 timing command:uninstall Completed in 0ms
27 notice [40m[37m[39m[49m
27 notice [40m[37mNew [31mmajor[39m[37m version of npm available! [31m7.7.6[39m[37m -> [32m8.13.2[39m[37m[39m[49m
27 notice [40m[37mChangelog: [36mhttps://github.com/npm/cli/releases/tag/v8.13.2[39m[37m[39m[49m
27 notice [40m[37mRun [32mnpm install -g npm@8.13.2[39m[37m to update![39m[49m
27 notice [40m[37m[39m[49m
28 verbose stack Error: Must provide a package name to remove
28 verbose stack     at Uninstall.uninstall (/home/joera/.nvm/versions/node/v15.14.0/lib/node_modules/npm/lib/uninstall.js:47:15)
28 verbose stack     at Uninstall.exec (/home/joera/.nvm/versions/node/v15.14.0/lib/node_modules/npm/lib/uninstall.js:35:10)
28 verbose stack     at Object.[_runCmd] (/home/joera/.nvm/versions/node/v15.14.0/lib/node_modules/npm/lib/npm.js:116:12)
28 verbose stack     at /home/joera/.nvm/versions/node/v15.14.0/lib/node_modules/npm/lib/npm.js:28:35
28 verbose stack     at Object.<anonymous> (/home/joera/.nvm/versions/node/v15.14.0/lib/node_modules/npm/lib/cli.js:61:7)
29 verbose cwd /home/joera/Documents/transport-union/frontend
30 verbose Linux 5.10.126-1-MANJARO
31 verbose argv "/home/joera/.nvm/versions/node/v15.14.0/bin/node" "/home/joera/.nvm/versions/node/v15.14.0/bin/npm" "rm" "-rf" "--cache" "."
32 verbose node v15.14.0
33 verbose npm  v7.7.6
34 error Must provide a package name to remove
35 verbose exit 1
